[debug] [2018-03-12T04:12:19.671Z] ----------------------------------------------------------------------
[debug] [2018-03-12T04:12:19.671Z] Command:       C:\Program Files\nodejs\node.exe C:\Users\Philip\AppData\Roaming\npm\node_modules\firebase-tools\bin\firebase serve
[debug] [2018-03-12T04:12:19.671Z] CLI Version:   3.17.6
[debug] [2018-03-12T04:12:19.671Z] Platform:      win32
[debug] [2018-03-12T04:12:19.671Z] Node Version:  v8.10.0
[debug] [2018-03-12T04:12:19.671Z] Time:          Mon Mar 12 2018 05:12:19 GMT+0100 (Afr. centrale Ouest)
[debug] [2018-03-12T04:12:19.671Z] ----------------------------------------------------------------------
[debug] 
[debug] [2018-03-12T04:12:19.687Z] > command requires scopes: ["email","openid","https://www.googleapis.com/auth/cloudplatformprojects.readonly","https://www.googleapis.com/auth/firebase","https://www.googleapis.com/auth/cloud-platform"]
[debug] [2018-03-12T04:12:19.687Z] > authorizing via signed-in user
[debug] [2018-03-12T04:12:19.691Z] >>> HTTP REQUEST GET https://admin.firebase.com/v1/projects/fir-project-c4983  
  
 Mon Mar 12 2018 05:12:19 GMT+0100 (Afr. centrale Ouest)
[debug] [2018-03-12T04:12:20.980Z] <<< HTTP RESPONSE 200
[debug] [2018-03-12T04:12:20.980Z] >>> HTTP REQUEST GET https://admin.firebase.com/v1/database/fir-project-c4983/tokens  
  
 Mon Mar 12 2018 05:12:20 GMT+0100 (Afr. centrale Ouest)
[debug] [2018-03-12T04:12:22.240Z] <<< HTTP RESPONSE 200
[debug] [2018-03-12T04:12:22.240Z] >>> HTTP REQUEST GET https://cloudresourcemanager.googleapis.com/v1/projects/fir-project-c4983  
  
 Mon Mar 12 2018 05:12:22 GMT+0100 (Afr. centrale Ouest)
[debug] [2018-03-12T04:12:23.543Z] <<< HTTP RESPONSE 200
[info] 
[info] === Serving from 'C:\Users\Philip'...
[info] 
[debug] [2018-03-12T04:12:23.547Z] >>> HTTP REQUEST GET https://mobilesdk-pa.googleapis.com/v1/projects/699705670452/clients/_:getWebAppConfig  
  
 Mon Mar 12 2018 05:12:23 GMT+0100 (Afr. centrale Ouest)
[debug] [2018-03-12T04:12:24.719Z] <<< HTTP RESPONSE 200
[info] i  hosting: Serving hosting files from: 237Website
[info] +  hosting: Local server: http://localhost:5000

